<?xml version="1.0" encoding="UTF-8"?>
<!-- Generated by org.testng.reporters.JUnitReportReporter -->
<<<<<<< HEAD
<testsuite hostname="LTIN450081" failures="0" tests="3" name="testCases.GiftCardPageTest" time="30.843" errors="0" timestamp="2025-07-17T16:17:26 IST" skipped="0">
  <testcase classname="testCases.GiftCardPageTest" name="TC_GC_02" time="16.565"/>
  <testcase classname="testCases.GiftCardPageTest" name="TC_GC_03" time="8.494"/>
  <testcase classname="testCases.GiftCardPageTest" name="TC_GC_01" time="5.784"/>
=======
<testsuite hostname="LTIN468116" failures="0" tests="3" name="testCases.GiftCardPageTest" time="21.529" errors="0" timestamp="2025-07-17T16:36:55 IST" skipped="0">
  <testcase classname="testCases.GiftCardPageTest" name="TC_GC_02" time="9.318"/>
  <testcase classname="testCases.GiftCardPageTest" name="TC_GC_03" time="7.609"/>
  <testcase classname="testCases.GiftCardPageTest" name="TC_GC_01" time="4.602"/>
>>>>>>> eab064a095bfd09a2a3f325e993c6e1ea26c8d42
</testsuite> <!-- testCases.GiftCardPageTest -->
