<?xml version="1.0" encoding="UTF-8"?>
<!-- Generated by org.testng.reporters.JUnitReportReporter -->
<testsuite hostname="LTIN468116" failures="0" tests="15" name="testCases.CabBookingPageTest" time="243.402" errors="0" timestamp="2025-07-15T14:43:13 IST" skipped="0">
  <testcase classname="testCases.CabBookingPageTest" name="TC_OCB_14" time="32.971"/>
  <testcase classname="testCases.CabBookingPageTest" name="verifyDisabledPreviousDepartureDate" time="5.276"/>
  <testcase classname="testCases.CabBookingPageTest" name="oneWayCabSearch" time="15.039"/>
  <testcase classname="testCases.CabBookingPageTest" name="verifyFromLocationInResults" time="26.056"/>
  <testcase classname="testCases.CabBookingPageTest" name="verifyToLocationInResults" time="19.951"/>
  <testcase classname="testCases.CabBookingPageTest" name="verifyDepartureDateInResults" time="19.251"/>
  <testcase classname="testCases.CabBookingPageTest" name="verifyPickUpTimeInResults" time="19.044"/>
  <testcase classname="testCases.CabBookingPageTest" name="verifyCabTypeInResult" time="20.270"/>
  <testcase classname="testCases.CabBookingPageTest" name="verifyClearAllFilterFunctionality" time="18.919"/>
  <testcase classname="testCases.CabBookingPageTest" name="verifyDisabledDepartureDateBeyondLimit" time="4.526"/>
  <testcase classname="testCases.CabBookingPageTest" name="verifyMessageForUnserviceableFromLocation" time="9.015"/>
  <testcase classname="testCases.CabBookingPageTest" name="verifyMessageForUnserviceableToLocation" time="8.898"/>
  <testcase classname="testCases.CabBookingPageTest" name="TC_OCB_12" time="19.284"/>
  <testcase classname="testCases.CabBookingPageTest" name="TC_OCB_13" time="19.179"/>
  <testcase classname="testCases.CabBookingPageTest" name="TC_OCB_15" time="5.723"/>
</testsuite> <!-- testCases.CabBookingPageTest -->
