<?xml version="1.0" encoding="UTF-8"?>
<!-- Generated by org.testng.reporters.JUnitReportReporter -->
<testsuite hostname="LTIN468116" failures="0" tests="10" name="testCases.HotelBookingTest" time="74.865" errors="0" timestamp="2025-07-18T16:49:38 IST" skipped="0">
  <testcase classname="testCases.HotelBookingTest" name="TC_HB_01" time="5.775"/>
  <testcase classname="testCases.HotelBookingTest" name="TC_HB_01" time="4.240"/>
  <testcase classname="testCases.HotelBookingTest" name="TC_HB_02" time="13.339"/>
  <testcase classname="testCases.HotelBookingTest" name="TC_HB_02" time="17.538"/>
  <testcase classname="testCases.HotelBookingTest" name="TC_HB_03" time="4.780"/>
  <testcase classname="testCases.HotelBookingTest" name="TC_HB_03" time="2.956"/>
  <testcase classname="testCases.HotelBookingTest" name="TC_HB_04" time="3.967"/>
  <testcase classname="testCases.HotelBookingTest" name="TC_HB_04" time="3.342"/>
  <testcase classname="testCases.HotelBookingTest" name="TC_HB_05" time="14.586"/>
  <testcase classname="testCases.HotelBookingTest" name="TC_HB_05" time="4.342"/>
</testsuite> <!-- testCases.HotelBookingTest -->
