<?xml version="1.0" encoding="UTF-8"?>
<!-- Generated by org.testng.reporters.JUnitReportReporter -->
<testsuite hostname="LTIN468116" failures="0" tests="3" name="testCases.GiftCardPageTest" time="27.551" errors="0" timestamp="2025-07-17T15:14:22 IST" skipped="0">
  <testcase classname="testCases.GiftCardPageTest" name="TC_GC_01" time="7.760"/>
  <testcase classname="testCases.GiftCardPageTest" name="TC_GC_02" time="11.083"/>
  <testcase classname="testCases.GiftCardPageTest" name="TC_GC_03" time="8.708"/>
</testsuite> <!-- testCases.GiftCardPageTest -->
