<?xml version="1.0" encoding="UTF-8"?>
<!-- Generated by org.testng.reporters.JUnitReportReporter -->
<<<<<<< HEAD
<testsuite hostname="LTIN450081" failures="0" tests="6" name="testCases.GiftCardPageTest" time="52.097" errors="0" timestamp="2025-07-21T09:37:03 IST" skipped="0">
  <testcase classname="testCases.GiftCardPageTest" name="TC_GC_01" time="6.719"/>
  <testcase classname="testCases.GiftCardPageTest" name="TC_GC_01" time="10.348"/>
  <testcase classname="testCases.GiftCardPageTest" name="TC_GC_02" time="9.082"/>
  <testcase classname="testCases.GiftCardPageTest" name="TC_GC_02" time="10.230"/>
  <testcase classname="testCases.GiftCardPageTest" name="TC_GC_03" time="8.052"/>
  <testcase classname="testCases.GiftCardPageTest" name="TC_GC_03" time="7.666"/>
=======
<testsuite hostname="LTIN468116" failures="0" tests="3" name="testCases.GiftCardPageTest" time="30.787" errors="0" timestamp="2025-07-20T12:47:24 IST" skipped="0">
  <testcase classname="testCases.GiftCardPageTest" name="TC_GC_01" time="8.980"/>
  <testcase classname="testCases.GiftCardPageTest" name="TC_GC_02" time="11.300"/>
  <testcase classname="testCases.GiftCardPageTest" name="TC_GC_03" time="10.507"/>
>>>>>>> main
</testsuite> <!-- testCases.GiftCardPageTest -->
