<?xml version="1.0" encoding="UTF-8"?>
<!-- Generated by org.testng.reporters.JUnitReportReporter -->
<testsuite hostname="LTIN468116" failures="0" tests="5" name="testCases.HotelBookingTest" time="21.033" errors="0" timestamp="2025-07-20T12:47:24 IST" skipped="0">
  <testcase classname="testCases.HotelBookingTest" name="TC_HB_01" time="3.166"/>
  <testcase classname="testCases.HotelBookingTest" name="TC_HB_02" time="6.895"/>
  <testcase classname="testCases.HotelBookingTest" name="TC_HB_03" time="3.613"/>
  <testcase classname="testCases.HotelBookingTest" name="TC_HB_04" time="3.876"/>
  <testcase classname="testCases.HotelBookingTest" name="TC_HB_05" time="3.483"/>
</testsuite> <!-- testCases.HotelBookingTest -->
