<?xml version="1.0" encoding="UTF-8"?>
<!-- Generated by org.testng.reporters.JUnitReportReporter -->
<testsuite hostname="LTIN450081" failures="0" tests="5" name="testCases.HotelBookingTest" time="14.436" errors="0" timestamp="2025-07-18T10:53:04 IST" skipped="0">
  <testcase classname="testCases.HotelBookingTest" name="TC_HB_01" time="2.769"/>
  <testcase classname="testCases.HotelBookingTest" name="TC_HB_02" time="5.396"/>
  <testcase classname="testCases.HotelBookingTest" name="TC_HB_03" time="1.908"/>
  <testcase classname="testCases.HotelBookingTest" name="TC_HB_04" time="1.880"/>
  <testcase classname="testCases.HotelBookingTest" name="TC_HB_05" time="2.483"/>
</testsuite> <!-- testCases.HotelBookingTest -->
