<?xml version="1.0" encoding="UTF-8"?>
<!-- Generated by org.testng.reporters.JUnitReportReporter -->
<testsuite hostname="LTIN468116" failures="0" tests="5" name="testCases.HotelBookingTest" time="19.850" errors="0" timestamp="2025-07-18T12:18:37 IST" skipped="0">
  <testcase classname="testCases.HotelBookingTest" name="TC_HB_01" time="2.630"/>
  <testcase classname="testCases.HotelBookingTest" name="TC_HB_02" time="7.147"/>
  <testcase classname="testCases.HotelBookingTest" name="TC_HB_03" time="1.981"/>
  <testcase classname="testCases.HotelBookingTest" name="TC_HB_04" time="1.653"/>
  <testcase classname="testCases.HotelBookingTest" name="TC_HB_05" time="6.439"/>
</testsuite> <!-- testCases.HotelBookingTest -->
