<?xml version="1.0" encoding="UTF-8"?>
<!-- Generated by org.testng.reporters.JUnitReportReporter -->
<testsuite hostname="LTIN468116" failures="0" tests="15" name="testCases.CabBookingPageTest" time="115.349" errors="0" timestamp="2025-07-17T16:28:58 IST" skipped="0">
  <testcase classname="testCases.CabBookingPageTest" name="TC_OCB_14" time="13.543"/>
  <testcase classname="testCases.CabBookingPageTest" name="TC_OCB_10" time="2.681"/>
  <testcase classname="testCases.CabBookingPageTest" name="TC_OCB_01" time="13.778"/>
  <testcase classname="testCases.CabBookingPageTest" name="TC_OCB_02" time="7.722"/>
  <testcase classname="testCases.CabBookingPageTest" name="TC_OCB_03" time="9.281"/>
  <testcase classname="testCases.CabBookingPageTest" name="TC_OCB_04" time="8.347"/>
  <testcase classname="testCases.CabBookingPageTest" name="TC_OCB_05" time="8.136"/>
  <testcase classname="testCases.CabBookingPageTest" name="TC_OCB_06" time="8.402"/>
  <testcase classname="testCases.CabBookingPageTest" name="TC_OCB_07" time="11.874"/>
  <testcase classname="testCases.CabBookingPageTest" name="TC_OCB_08" time="4.396"/>
  <testcase classname="testCases.CabBookingPageTest" name="TC_OCB_09" time="4.200"/>
  <testcase classname="testCases.CabBookingPageTest" name="TC_OCB_11" time="1.717"/>
  <testcase classname="testCases.CabBookingPageTest" name="TC_OCB_12" time="9.187"/>
  <testcase classname="testCases.CabBookingPageTest" name="TC_OCB_13" time="8.500"/>
  <testcase classname="testCases.CabBookingPageTest" name="TC_OCB_15" time="3.585"/>
</testsuite> <!-- testCases.CabBookingPageTest -->
