<?xml version="1.0" encoding="UTF-8"?>
<!-- Generated by org.testng.reporters.JUnitReportReporter -->
<testsuite hostname="LTIN450081" failures="0" tests="3" name="testCases.GiftCardPageTest" time="30.843" errors="0" timestamp="2025-07-17T16:17:26 IST" skipped="0">
  <testcase classname="testCases.GiftCardPageTest" name="TC_GC_02" time="16.565"/>
  <testcase classname="testCases.GiftCardPageTest" name="TC_GC_03" time="8.494"/>
  <testcase classname="testCases.GiftCardPageTest" name="TC_GC_01" time="5.784"/>
</testsuite> <!-- testCases.GiftCardPageTest -->
