<?xml version="1.0" encoding="UTF-8"?>
<!-- Generated by org.testng.reporters.JUnitReportReporter -->
<testsuite hostname="LTIN468116" failures="0" tests="15" name="testCases.CabBookingPageTest" time="139.023" errors="0" timestamp="2025-07-20T12:47:24 IST" skipped="0">
  <testcase classname="testCases.CabBookingPageTest" name="TC_OCB_10" time="2.371"/>
  <testcase classname="testCases.CabBookingPageTest" name="TC_OCB_14" time="11.658"/>
  <testcase classname="testCases.CabBookingPageTest" name="TC_OCB_01" time="14.944"/>
  <testcase classname="testCases.CabBookingPageTest" name="TC_OCB_02" time="15.091"/>
  <testcase classname="testCases.CabBookingPageTest" name="TC_OCB_03" time="9.528"/>
  <testcase classname="testCases.CabBookingPageTest" name="TC_OCB_04" time="9.480"/>
  <testcase classname="testCases.CabBookingPageTest" name="TC_OCB_05" time="9.999"/>
  <testcase classname="testCases.CabBookingPageTest" name="TC_OCB_06" time="10.178"/>
  <testcase classname="testCases.CabBookingPageTest" name="TC_OCB_07" time="15.312"/>
  <testcase classname="testCases.CabBookingPageTest" name="TC_OCB_08" time="5.302"/>
  <testcase classname="testCases.CabBookingPageTest" name="TC_OCB_09" time="5.344"/>
  <testcase classname="testCases.CabBookingPageTest" name="TC_OCB_11" time="6.699"/>
  <testcase classname="testCases.CabBookingPageTest" name="TC_OCB_12" time="9.614"/>
  <testcase classname="testCases.CabBookingPageTest" name="TC_OCB_13" time="9.948"/>
  <testcase classname="testCases.CabBookingPageTest" name="TC_OCB_15" time="3.555"/>
</testsuite> <!-- testCases.CabBookingPageTest -->
