<?xml version="1.0" encoding="UTF-8"?>
<!-- Generated by org.testng.reporters.JUnitReportReporter -->
<testsuite hostname="LTIN468116" failures="0" tests="15" name="testCases.CabBookingPageTest" time="164.060" errors="0" timestamp="2025-07-17T15:14:22 IST" skipped="0">
  <testcase classname="testCases.CabBookingPageTest" name="TC_OCB_10" time="3.614"/>
  <testcase classname="testCases.CabBookingPageTest" name="TC_OCB_14" time="23.838"/>
  <testcase classname="testCases.CabBookingPageTest" name="TC_OCB_01" time="14.979"/>
  <testcase classname="testCases.CabBookingPageTest" name="TC_OCB_02" time="11.633"/>
  <testcase classname="testCases.CabBookingPageTest" name="TC_OCB_03" time="11.537"/>
  <testcase classname="testCases.CabBookingPageTest" name="TC_OCB_04" time="12.849"/>
  <testcase classname="testCases.CabBookingPageTest" name="TC_OCB_05" time="13.186"/>
  <testcase classname="testCases.CabBookingPageTest" name="TC_OCB_06" time="11.521"/>
  <testcase classname="testCases.CabBookingPageTest" name="TC_OCB_07" time="15.912"/>
  <testcase classname="testCases.CabBookingPageTest" name="TC_OCB_08" time="4.264"/>
  <testcase classname="testCases.CabBookingPageTest" name="TC_OCB_09" time="4.115"/>
  <testcase classname="testCases.CabBookingPageTest" name="TC_OCB_11" time="2.171"/>
  <testcase classname="testCases.CabBookingPageTest" name="TC_OCB_12" time="15.696"/>
  <testcase classname="testCases.CabBookingPageTest" name="TC_OCB_13" time="15.353"/>
  <testcase classname="testCases.CabBookingPageTest" name="TC_OCB_15" time="3.392"/>
</testsuite> <!-- testCases.CabBookingPageTest -->
