<?xml version="1.0" encoding="UTF-8"?>
<!-- Generated by org.testng.reporters.JUnitReportReporter -->
<testsuite hostname="LTIN450081" failures="0" tests="10" name="testCases.HotelBookingTest" time="37.708" errors="0" timestamp="2025-07-20T12:50:08 IST" skipped="0">
  <testcase classname="testCases.HotelBookingTest" name="TC_HB_01" time="2.830"/>
  <testcase classname="testCases.HotelBookingTest" name="TC_HB_01" time="2.917"/>
  <testcase classname="testCases.HotelBookingTest" name="TC_HB_02" time="7.149"/>
  <testcase classname="testCases.HotelBookingTest" name="TC_HB_02" time="7.421"/>
  <testcase classname="testCases.HotelBookingTest" name="TC_HB_03" time="2.539"/>
  <testcase classname="testCases.HotelBookingTest" name="TC_HB_03" time="2.850"/>
  <testcase classname="testCases.HotelBookingTest" name="TC_HB_04" time="2.102"/>
  <testcase classname="testCases.HotelBookingTest" name="TC_HB_04" time="3.627"/>
  <testcase classname="testCases.HotelBookingTest" name="TC_HB_05" time="3.026"/>
  <testcase classname="testCases.HotelBookingTest" name="TC_HB_05" time="3.247"/>
</testsuite> <!-- testCases.HotelBookingTest -->
