<?xml version="1.0" encoding="UTF-8"?>
<!-- Generated by org.testng.reporters.JUnitReportReporter -->
<testsuite hostname="LTIN450081" failures="0" tests="30" name="testCases.CabBookingPageTest" time="344.390" errors="0" timestamp="2025-07-20T12:50:08 IST" skipped="0">
  <testcase classname="testCases.CabBookingPageTest" name="TC_OCB_14" time="18.637"/>
  <testcase classname="testCases.CabBookingPageTest" name="TC_OCB_10" time="5.390"/>
  <testcase classname="testCases.CabBookingPageTest" name="TC_OCB_14" time="16.755"/>
  <testcase classname="testCases.CabBookingPageTest" name="TC_OCB_10" time="3.111"/>
  <testcase classname="testCases.CabBookingPageTest" name="TC_OCB_01" time="36.613"/>
  <testcase classname="testCases.CabBookingPageTest" name="TC_OCB_01" time="35.077"/>
  <testcase classname="testCases.CabBookingPageTest" name="TC_OCB_02" time="10.907"/>
  <testcase classname="testCases.CabBookingPageTest" name="TC_OCB_02" time="10.780"/>
  <testcase classname="testCases.CabBookingPageTest" name="TC_OCB_03" time="11.023"/>
  <testcase classname="testCases.CabBookingPageTest" name="TC_OCB_03" time="11.403"/>
  <testcase classname="testCases.CabBookingPageTest" name="TC_OCB_04" time="11.374"/>
  <testcase classname="testCases.CabBookingPageTest" name="TC_OCB_04" time="11.091"/>
  <testcase classname="testCases.CabBookingPageTest" name="TC_OCB_05" time="10.711"/>
  <testcase classname="testCases.CabBookingPageTest" name="TC_OCB_05" time="10.956"/>
  <testcase classname="testCases.CabBookingPageTest" name="TC_OCB_06" time="10.889"/>
  <testcase classname="testCases.CabBookingPageTest" name="TC_OCB_06" time="11.287"/>
  <testcase classname="testCases.CabBookingPageTest" name="TC_OCB_07" time="16.855"/>
  <testcase classname="testCases.CabBookingPageTest" name="TC_OCB_07" time="16.388"/>
  <testcase classname="testCases.CabBookingPageTest" name="TC_OCB_08" time="4.828"/>
  <testcase classname="testCases.CabBookingPageTest" name="TC_OCB_08" time="4.851"/>
  <testcase classname="testCases.CabBookingPageTest" name="TC_OCB_09" time="4.945"/>
  <testcase classname="testCases.CabBookingPageTest" name="TC_OCB_09" time="4.606"/>
  <testcase classname="testCases.CabBookingPageTest" name="TC_OCB_11" time="7.150"/>
  <testcase classname="testCases.CabBookingPageTest" name="TC_OCB_11" time="7.685"/>
  <testcase classname="testCases.CabBookingPageTest" name="TC_OCB_12" time="10.726"/>
  <testcase classname="testCases.CabBookingPageTest" name="TC_OCB_12" time="10.600"/>
  <testcase classname="testCases.CabBookingPageTest" name="TC_OCB_13" time="10.811"/>
  <testcase classname="testCases.CabBookingPageTest" name="TC_OCB_13" time="11.346"/>
  <testcase classname="testCases.CabBookingPageTest" name="TC_OCB_15" time="3.931"/>
  <testcase classname="testCases.CabBookingPageTest" name="TC_OCB_15" time="3.664"/>
</testsuite> <!-- testCases.CabBookingPageTest -->
