<?xml version="1.0" encoding="UTF-8"?>
<!-- Generated by org.testng.reporters.JUnitReportReporter -->
<testsuite hostname="LTIN450081" failures="0" tests="15" name="testCases.CabBookingPageTest" time="127.259" errors="0" timestamp="2025-07-18T10:53:04 IST" skipped="0">
  <testcase classname="testCases.CabBookingPageTest" name="TC_OCB_10" time="2.597"/>
  <testcase classname="testCases.CabBookingPageTest" name="TC_OCB_14" time="14.147"/>
  <testcase classname="testCases.CabBookingPageTest" name="TC_OCB_01" time="13.039"/>
  <testcase classname="testCases.CabBookingPageTest" name="TC_OCB_02" time="12.960"/>
  <testcase classname="testCases.CabBookingPageTest" name="TC_OCB_03" time="8.441"/>
  <testcase classname="testCases.CabBookingPageTest" name="TC_OCB_04" time="8.817"/>
  <testcase classname="testCases.CabBookingPageTest" name="TC_OCB_05" time="9.768"/>
  <testcase classname="testCases.CabBookingPageTest" name="TC_OCB_06" time="9.175"/>
  <testcase classname="testCases.CabBookingPageTest" name="TC_OCB_07" time="12.785"/>
  <testcase classname="testCases.CabBookingPageTest" name="TC_OCB_08" time="4.401"/>
  <testcase classname="testCases.CabBookingPageTest" name="TC_OCB_09" time="4.403"/>
  <testcase classname="testCases.CabBookingPageTest" name="TC_OCB_11" time="5.057"/>
  <testcase classname="testCases.CabBookingPageTest" name="TC_OCB_12" time="8.214"/>
  <testcase classname="testCases.CabBookingPageTest" name="TC_OCB_13" time="8.730"/>
  <testcase classname="testCases.CabBookingPageTest" name="TC_OCB_15" time="4.725"/>
</testsuite> <!-- testCases.CabBookingPageTest -->
