<?xml version="1.0" encoding="UTF-8"?>
<!-- Generated by org.testng.reporters.JUnitReportReporter -->
<testsuite hostname="LTIN468116" failures="0" tests="6" name="testCases.GiftCardPageTest" time="71.381" errors="0" timestamp="2025-07-18T16:49:38 IST" skipped="0">
  <testcase classname="testCases.GiftCardPageTest" name="TC_GC_02" time="19.045"/>
  <testcase classname="testCases.GiftCardPageTest" name="TC_GC_02" time="13.666"/>
  <testcase classname="testCases.GiftCardPageTest" name="TC_GC_03" time="9.538"/>
  <testcase classname="testCases.GiftCardPageTest" name="TC_GC_03" time="11.629"/>
  <testcase classname="testCases.GiftCardPageTest" name="TC_GC_01" time="7.288"/>
  <testcase classname="testCases.GiftCardPageTest" name="TC_GC_01" time="10.215"/>
</testsuite> <!-- testCases.GiftCardPageTest -->
