<?xml version="1.0" encoding="UTF-8"?>
<!-- Generated by org.testng.reporters.JUnitReportReporter -->
<testsuite hostname="LTIN468116" failures="0" tests="3" name="testCases.GiftCardPageTest" time="31.035" errors="0" timestamp="2025-07-15T18:28:10 IST" skipped="0">
  <testcase classname="testCases.GiftCardPageTest" name="TC_GC_02" time="14.967"/>
  <testcase classname="testCases.GiftCardPageTest" name="TC_GC_03" time="9.012"/>
  <testcase classname="testCases.GiftCardPageTest" name="TC_GC_01" time="7.056"/>
</testsuite> <!-- testCases.GiftCardPageTest -->
