<?xml version="1.0" encoding="UTF-8"?>
<!-- Generated by org.testng.reporters.JUnitReportReporter -->
<testsuite hostname="LTIN468116" failures="0" tests="3" name="testCases.GiftCardPageTest" time="35.426" errors="0" timestamp="2025-07-16T09:07:22 IST" skipped="0">
  <testcase classname="testCases.GiftCardPageTest" name="TC_GC_02" time="13.910"/>
  <testcase classname="testCases.GiftCardPageTest" name="TC_GC_03" time="13.820"/>
  <testcase classname="testCases.GiftCardPageTest" name="TC_GC_01" time="7.696"/>
</testsuite> <!-- testCases.GiftCardPageTest -->
