<?xml version="1.0" encoding="UTF-8"?>
<!-- Generated by org.testng.reporters.JUnitReportReporter -->
<testsuite hostname="LTIN468116" failures="0" tests="15" name="testCases.CabBookingPageTest" time="119.255" errors="0" timestamp="2025-07-17T16:36:55 IST" skipped="0">
  <testcase classname="testCases.CabBookingPageTest" name="TC_OCB_10" time="2.027"/>
  <testcase classname="testCases.CabBookingPageTest" name="TC_OCB_14" time="14.652"/>
  <testcase classname="testCases.CabBookingPageTest" name="TC_OCB_01" time="17.716"/>
  <testcase classname="testCases.CabBookingPageTest" name="TC_OCB_02" time="8.419"/>
  <testcase classname="testCases.CabBookingPageTest" name="TC_OCB_03" time="8.115"/>
  <testcase classname="testCases.CabBookingPageTest" name="TC_OCB_04" time="8.650"/>
  <testcase classname="testCases.CabBookingPageTest" name="TC_OCB_05" time="8.093"/>
  <testcase classname="testCases.CabBookingPageTest" name="TC_OCB_06" time="8.336"/>
  <testcase classname="testCases.CabBookingPageTest" name="TC_OCB_07" time="13.288"/>
  <testcase classname="testCases.CabBookingPageTest" name="TC_OCB_08" time="4.284"/>
  <testcase classname="testCases.CabBookingPageTest" name="TC_OCB_09" time="4.263"/>
  <testcase classname="testCases.CabBookingPageTest" name="TC_OCB_11" time="1.894"/>
  <testcase classname="testCases.CabBookingPageTest" name="TC_OCB_12" time="8.217"/>
  <testcase classname="testCases.CabBookingPageTest" name="TC_OCB_13" time="7.920"/>
  <testcase classname="testCases.CabBookingPageTest" name="TC_OCB_15" time="3.381"/>
</testsuite> <!-- testCases.CabBookingPageTest -->
