<?xml version="1.0" encoding="UTF-8"?>
<!-- Generated by org.testng.reporters.JUnitReportReporter -->
<<<<<<< HEAD
<testsuite hostname="LTIN450081" failures="0" tests="5" name="testCases.HotelBookingTest" time="20.144" errors="0" timestamp="2025-07-15T16:12:31 IST" skipped="0">
  <testcase classname="testCases.HotelBookingTest" name="TC_HB_01" time="3.132"/>
  <testcase classname="testCases.HotelBookingTest" name="TC_HB_02" time="7.645"/>
  <testcase classname="testCases.HotelBookingTest" name="TC_HB_03" time="3.355"/>
  <testcase classname="testCases.HotelBookingTest" name="TC_HB_04" time="2.864"/>
  <testcase classname="testCases.HotelBookingTest" name="TC_HB_05" time="3.148"/>
=======
<testsuite hostname="LTIN450081" failures="0" tests="5" name="testCases.HotelBookingTest" time="21.950" errors="0" timestamp="2025-07-15T15:50:51 IST" skipped="0">
  <testcase classname="testCases.HotelBookingTest" name="TC_HB_01" time="4.317"/>
  <testcase classname="testCases.HotelBookingTest" name="TC_HB_03" time="3.606"/>
  <testcase classname="testCases.HotelBookingTest" name="TC_HB_02" time="7.616"/>
  <testcase classname="testCases.HotelBookingTest" name="TC_HB_05" time="3.110"/>
  <testcase classname="testCases.HotelBookingTest" name="TC_HB_04" time="3.301"/>
>>>>>>> main
</testsuite> <!-- testCases.HotelBookingTest -->
