<?xml version="1.0" encoding="UTF-8"?>
<!-- Generated by org.testng.reporters.JUnitReportReporter -->
<testsuite hostname="LTIN468116" failures="0" tests="1" name="testCases.CabBookingPageTest" time="16.772" errors="0" timestamp="2025-07-18T17:13:18 IST" skipped="0">
  <testcase classname="testCases.CabBookingPageTest" name="TC_OCB_06" time="16.772"/>
</testsuite> <!-- testCases.CabBookingPageTest -->
