<?xml version="1.0" encoding="UTF-8"?>
<!-- Generated by org.testng.reporters.JUnitReportReporter -->
<testsuite hostname="LTIN468116" failures="0" tests="5" name="testCases.HotelBookingTest" time="10.221" errors="0" timestamp="2025-07-17T15:14:22 IST" skipped="0">
  <testcase classname="testCases.HotelBookingTest" name="TC_HB_01" time="2.011"/>
  <testcase classname="testCases.HotelBookingTest" name="TC_HB_02" time="3.138"/>
  <testcase classname="testCases.HotelBookingTest" name="TC_HB_03" time="1.460"/>
  <testcase classname="testCases.HotelBookingTest" name="TC_HB_04" time="1.792"/>
  <testcase classname="testCases.HotelBookingTest" name="TC_HB_05" time="1.820"/>
</testsuite> <!-- testCases.HotelBookingTest -->
