<?xml version="1.0" encoding="UTF-8"?>
<!-- Generated by org.testng.reporters.JUnitReportReporter -->
<testsuite hostname="LTIN511425" failures="0" tests="5" name="testCases.HotelBookingTest" time="12.372" errors="0" timestamp="2025-07-16T18:32:58 IST" skipped="0">
  <testcase classname="testCases.HotelBookingTest" name="TC_HB_01" time="3.115"/>
  <testcase classname="testCases.HotelBookingTest" name="TC_HB_02" time="4.490"/>
  <testcase classname="testCases.HotelBookingTest" name="TC_HB_03" time="1.518"/>
  <testcase classname="testCases.HotelBookingTest" name="TC_HB_04" time="1.451"/>
  <testcase classname="testCases.HotelBookingTest" name="TC_HB_05" time="1.798"/>
</testsuite> <!-- testCases.HotelBookingTest -->
