<?xml version="1.0" encoding="UTF-8"?>
<!-- Generated by org.testng.reporters.JUnitReportReporter -->
<testsuite hostname="LTIN511425" failures="0" tests="15" name="testCases.CabBookingPageTest" time="193.131" errors="0" timestamp="2025-07-16T18:32:58 IST" skipped="0">
  <testcase classname="testCases.CabBookingPageTest" name="TC_OCB_14" time="35.971"/>
  <testcase classname="testCases.CabBookingPageTest" name="TC_OCB_10" time="1.646"/>
  <testcase classname="testCases.CabBookingPageTest" name="TC_OCB_01" time="13.610"/>
  <testcase classname="testCases.CabBookingPageTest" name="TC_OCB_02" time="15.620"/>
  <testcase classname="testCases.CabBookingPageTest" name="TC_OCB_03" time="16.225"/>
  <testcase classname="testCases.CabBookingPageTest" name="TC_OCB_04" time="15.011"/>
  <testcase classname="testCases.CabBookingPageTest" name="TC_OCB_05" time="15.139"/>
  <testcase classname="testCases.CabBookingPageTest" name="TC_OCB_06" time="15.053"/>
  <testcase classname="testCases.CabBookingPageTest" name="TC_OCB_07" time="15.143"/>
  <testcase classname="testCases.CabBookingPageTest" name="TC_OCB_08" time="7.305"/>
  <testcase classname="testCases.CabBookingPageTest" name="TC_OCB_09" time="7.070"/>
  <testcase classname="testCases.CabBookingPageTest" name="TC_OCB_11" time="1.803"/>
  <testcase classname="testCases.CabBookingPageTest" name="TC_OCB_12" time="15.125"/>
  <testcase classname="testCases.CabBookingPageTest" name="TC_OCB_13" time="15.150"/>
  <testcase classname="testCases.CabBookingPageTest" name="TC_OCB_15" time="3.260"/>
</testsuite> <!-- testCases.CabBookingPageTest -->
