<?xml version="1.0" encoding="UTF-8"?>
<!-- Generated by org.testng.reporters.JUnitReportReporter -->
<testsuite hostname="LTIN468116" failures="0" tests="5" name="testCases.HotelBookingTest" time="15.786" errors="0" timestamp="2025-07-17T16:36:55 IST" skipped="0">
  <testcase classname="testCases.HotelBookingTest" name="TC_HB_01" time="3.782"/>
  <testcase classname="testCases.HotelBookingTest" name="TC_HB_02" time="5.724"/>
  <testcase classname="testCases.HotelBookingTest" name="TC_HB_03" time="1.724"/>
  <testcase classname="testCases.HotelBookingTest" name="TC_HB_04" time="2.365"/>
  <testcase classname="testCases.HotelBookingTest" name="TC_HB_05" time="2.191"/>
</testsuite> <!-- testCases.HotelBookingTest -->
