<?xml version="1.0" encoding="UTF-8"?>
<!-- Generated by org.testng.reporters.JUnitReportReporter -->
<testsuite hostname="LTIN468116" failures="0" tests="15" name="testCases.CabBookingPageTest" time="139.445" errors="0" timestamp="2025-07-18T12:18:37 IST" skipped="0">
  <testcase classname="testCases.CabBookingPageTest" name="TC_OCB_10" time="3.515"/>
  <testcase classname="testCases.CabBookingPageTest" name="TC_OCB_14" time="13.879"/>
  <testcase classname="testCases.CabBookingPageTest" name="TC_OCB_01" time="15.049"/>
  <testcase classname="testCases.CabBookingPageTest" name="TC_OCB_02" time="9.204"/>
  <testcase classname="testCases.CabBookingPageTest" name="TC_OCB_03" time="8.679"/>
  <testcase classname="testCases.CabBookingPageTest" name="TC_OCB_04" time="8.520"/>
  <testcase classname="testCases.CabBookingPageTest" name="TC_OCB_05" time="9.835"/>
  <testcase classname="testCases.CabBookingPageTest" name="TC_OCB_06" time="10.081"/>
  <testcase classname="testCases.CabBookingPageTest" name="TC_OCB_07" time="13.870"/>
  <testcase classname="testCases.CabBookingPageTest" name="TC_OCB_08" time="4.376"/>
  <testcase classname="testCases.CabBookingPageTest" name="TC_OCB_09" time="4.593"/>
  <testcase classname="testCases.CabBookingPageTest" name="TC_OCB_11" time="2.620"/>
  <testcase classname="testCases.CabBookingPageTest" name="TC_OCB_12" time="15.359"/>
  <testcase classname="testCases.CabBookingPageTest" name="TC_OCB_13" time="15.942"/>
  <testcase classname="testCases.CabBookingPageTest" name="TC_OCB_15" time="3.923"/>
</testsuite> <!-- testCases.CabBookingPageTest -->
