<?xml version="1.0" encoding="UTF-8"?>
<!-- Generated by org.testng.reporters.JUnitReportReporter -->
<testsuite hostname="LTIN450081" failures="0" tests="5" name="testCases.HotelBookingTest" time="34.464" errors="0" timestamp="2025-07-17T16:17:26 IST" skipped="0">
  <testcase classname="testCases.HotelBookingTest" name="TC_HB_01" time="6.330"/>
  <testcase classname="testCases.HotelBookingTest" name="TC_HB_02" time="11.000"/>
  <testcase classname="testCases.HotelBookingTest" name="TC_HB_03" time="6.388"/>
  <testcase classname="testCases.HotelBookingTest" name="TC_HB_04" time="4.403"/>
  <testcase classname="testCases.HotelBookingTest" name="TC_HB_05" time="6.343"/>
</testsuite> <!-- testCases.HotelBookingTest -->
