<?xml version="1.0" encoding="UTF-8"?>
<!-- Generated by org.testng.reporters.JUnitReportReporter -->
<testsuite hostname="LTIN450081" failures="0" tests="3" name="testCases.GiftCardPageTest" time="27.433" errors="0" timestamp="2025-07-17T12:48:41 IST" skipped="0">
  <testcase classname="testCases.GiftCardPageTest" name="TC_GC_02" time="13.147"/>
  <testcase classname="testCases.GiftCardPageTest" name="TC_GC_03" time="8.349"/>
  <testcase classname="testCases.GiftCardPageTest" name="TC_GC_01" time="5.937"/>
</testsuite> <!-- testCases.GiftCardPageTest -->
