<?xml version="1.0" encoding="UTF-8"?>
<!-- Generated by org.testng.reporters.JUnitReportReporter -->
<testsuite hostname="LTIN468116" failures="0" tests="5" name="testCases.HotelBookingTest" time="13.331" errors="0" timestamp="2025-07-17T16:28:58 IST" skipped="0">
  <testcase classname="testCases.HotelBookingTest" name="TC_HB_01" time="2.655"/>
  <testcase classname="testCases.HotelBookingTest" name="TC_HB_02" time="5.295"/>
  <testcase classname="testCases.HotelBookingTest" name="TC_HB_03" time="1.804"/>
  <testcase classname="testCases.HotelBookingTest" name="TC_HB_04" time="1.622"/>
  <testcase classname="testCases.HotelBookingTest" name="TC_HB_05" time="1.955"/>
</testsuite> <!-- testCases.HotelBookingTest -->
