<?xml version="1.0" encoding="UTF-8"?>
<!-- Generated by org.testng.reporters.JUnitReportReporter -->
<testsuite hostname="LTIN468116" failures="0" tests="15" name="testCases.CabBookingPageTest" time="197.917" errors="0" timestamp="2025-07-16T11:39:01 IST" skipped="0">
  <testcase classname="testCases.CabBookingPageTest" name="TC_OCB_10" time="2.036"/>
  <testcase classname="testCases.CabBookingPageTest" name="TC_OCB_14" time="30.494"/>
  <testcase classname="testCases.CabBookingPageTest" name="TC_OCB_01" time="9.948"/>
  <testcase classname="testCases.CabBookingPageTest" name="TC_OCB_02" time="17.510"/>
  <testcase classname="testCases.CabBookingPageTest" name="TC_OCB_03" time="16.511"/>
  <testcase classname="testCases.CabBookingPageTest" name="TC_OCB_04" time="16.676"/>
  <testcase classname="testCases.CabBookingPageTest" name="TC_OCB_05" time="16.118"/>
  <testcase classname="testCases.CabBookingPageTest" name="TC_OCB_06" time="15.704"/>
  <testcase classname="testCases.CabBookingPageTest" name="TC_OCB_07" time="17.631"/>
  <testcase classname="testCases.CabBookingPageTest" name="TC_OCB_08" time="7.830"/>
  <testcase classname="testCases.CabBookingPageTest" name="TC_OCB_09" time="7.624"/>
  <testcase classname="testCases.CabBookingPageTest" name="TC_OCB_11" time="3.231"/>
  <testcase classname="testCases.CabBookingPageTest" name="TC_OCB_12" time="16.278"/>
  <testcase classname="testCases.CabBookingPageTest" name="TC_OCB_13" time="16.177"/>
  <testcase classname="testCases.CabBookingPageTest" name="TC_OCB_15" time="4.149"/>
</testsuite> <!-- testCases.CabBookingPageTest -->
