<?xml version="1.0" encoding="UTF-8"?>
<!-- Generated by org.testng.reporters.JUnitReportReporter -->
<testsuite hostname="LTIN450081" failures="0" tests="6" name="testCases.GiftCardPageTest" time="55.482" errors="0" timestamp="2025-07-20T12:50:08 IST" skipped="0">
  <testcase classname="testCases.GiftCardPageTest" name="TC_GC_02" time="14.379"/>
  <testcase classname="testCases.GiftCardPageTest" name="TC_GC_02" time="11.634"/>
  <testcase classname="testCases.GiftCardPageTest" name="TC_GC_03" time="10.583"/>
  <testcase classname="testCases.GiftCardPageTest" name="TC_GC_03" time="7.280"/>
  <testcase classname="testCases.GiftCardPageTest" name="TC_GC_01" time="6.011"/>
  <testcase classname="testCases.GiftCardPageTest" name="TC_GC_01" time="5.595"/>
</testsuite> <!-- testCases.GiftCardPageTest -->
