<?xml version="1.0" encoding="UTF-8"?>
<!-- Generated by org.testng.reporters.JUnitReportReporter -->
<testsuite hostname="LTIN450081" failures="0" tests="30" name="testCases.CabBookingPageTest" time="353.053" errors="0" timestamp="2025-07-21T09:37:03 IST" skipped="0">
  <testcase classname="testCases.CabBookingPageTest" name="TC_OCB_14" time="14.255"/>
  <testcase classname="testCases.CabBookingPageTest" name="TC_OCB_10" time="4.092"/>
  <testcase classname="testCases.CabBookingPageTest" name="TC_OCB_14" time="24.743"/>
  <testcase classname="testCases.CabBookingPageTest" name="TC_OCB_10" time="3.359"/>
  <testcase classname="testCases.CabBookingPageTest" name="TC_OCB_01" time="35.016"/>
  <testcase classname="testCases.CabBookingPageTest" name="TC_OCB_01" time="32.181"/>
  <testcase classname="testCases.CabBookingPageTest" name="TC_OCB_02" time="11.861"/>
  <testcase classname="testCases.CabBookingPageTest" name="TC_OCB_02" time="11.963"/>
  <testcase classname="testCases.CabBookingPageTest" name="TC_OCB_03" time="10.912"/>
  <testcase classname="testCases.CabBookingPageTest" name="TC_OCB_03" time="12.409"/>
  <testcase classname="testCases.CabBookingPageTest" name="TC_OCB_04" time="10.888"/>
  <testcase classname="testCases.CabBookingPageTest" name="TC_OCB_04" time="10.730"/>
  <testcase classname="testCases.CabBookingPageTest" name="TC_OCB_05" time="11.714"/>
  <testcase classname="testCases.CabBookingPageTest" name="TC_OCB_05" time="11.089"/>
  <testcase classname="testCases.CabBookingPageTest" name="TC_OCB_06" time="11.715"/>
  <testcase classname="testCases.CabBookingPageTest" name="TC_OCB_06" time="11.313"/>
  <testcase classname="testCases.CabBookingPageTest" name="TC_OCB_07" time="16.162"/>
  <testcase classname="testCases.CabBookingPageTest" name="TC_OCB_07" time="16.124"/>
  <testcase classname="testCases.CabBookingPageTest" name="TC_OCB_08" time="7.968"/>
  <testcase classname="testCases.CabBookingPageTest" name="TC_OCB_08" time="5.219"/>
  <testcase classname="testCases.CabBookingPageTest" name="TC_OCB_09" time="6.821"/>
  <testcase classname="testCases.CabBookingPageTest" name="TC_OCB_09" time="4.773"/>
  <testcase classname="testCases.CabBookingPageTest" name="TC_OCB_11" time="7.373"/>
  <testcase classname="testCases.CabBookingPageTest" name="TC_OCB_11" time="7.288"/>
  <testcase classname="testCases.CabBookingPageTest" name="TC_OCB_12" time="11.400"/>
  <testcase classname="testCases.CabBookingPageTest" name="TC_OCB_12" time="11.193"/>
  <testcase classname="testCases.CabBookingPageTest" name="TC_OCB_13" time="10.920"/>
  <testcase classname="testCases.CabBookingPageTest" name="TC_OCB_13" time="11.244"/>
  <testcase classname="testCases.CabBookingPageTest" name="TC_OCB_15" time="4.404"/>
  <testcase classname="testCases.CabBookingPageTest" name="TC_OCB_15" time="3.924"/>
</testsuite> <!-- testCases.CabBookingPageTest -->
