<?xml version="1.0" encoding="UTF-8"?>
<!-- Generated by org.testng.reporters.JUnitReportReporter -->
<testsuite hostname="LTIN450081" failures="0" tests="15" name="testCases.CabBookingPageTest" time="209.478" errors="0" timestamp="2025-07-15T22:13:00 IST" skipped="0">
  <testcase classname="testCases.CabBookingPageTest" name="TC_OCB_14" time="31.723"/>
  <testcase classname="testCases.CabBookingPageTest" name="verifyDisabledPreviousDepartureDate" time="2.450"/>
  <testcase classname="testCases.CabBookingPageTest" name="oneWayCabSearch" time="19.227"/>
  <testcase classname="testCases.CabBookingPageTest" name="verifyFromLocationInResults" time="16.468"/>
  <testcase classname="testCases.CabBookingPageTest" name="verifyToLocationInResults" time="17.108"/>
  <testcase classname="testCases.CabBookingPageTest" name="verifyDepartureDateInResults" time="17.069"/>
  <testcase classname="testCases.CabBookingPageTest" name="verifyPickUpTimeInResults" time="15.900"/>
  <testcase classname="testCases.CabBookingPageTest" name="verifyCabTypeInResult" time="16.097"/>
  <testcase classname="testCases.CabBookingPageTest" name="verifyClearAllFilterFunctionality" time="16.611"/>
  <testcase classname="testCases.CabBookingPageTest" name="verifyDisabledDepartureDateBeyondLimit" time="2.618"/>
  <testcase classname="testCases.CabBookingPageTest" name="verifyMessageForUnserviceableFromLocation" time="8.023"/>
  <testcase classname="testCases.CabBookingPageTest" name="verifyMessageForUnserviceableToLocation" time="8.410"/>
  <testcase classname="testCases.CabBookingPageTest" name="TC_OCB_12" time="16.470"/>
  <testcase classname="testCases.CabBookingPageTest" name="TC_OCB_13" time="16.442"/>
  <testcase classname="testCases.CabBookingPageTest" name="TC_OCB_15" time="4.862"/>
</testsuite> <!-- testCases.CabBookingPageTest -->
