<?xml version="1.0" encoding="UTF-8"?>
<!-- Generated by org.testng.reporters.JUnitReportReporter -->
<testsuite hostname="LTIN511425" failures="0" tests="3" name="testCases.GiftCardPageTest" time="20.195" errors="0" timestamp="2025-07-16T18:32:58 IST" skipped="0">
  <testcase classname="testCases.GiftCardPageTest" name="TC_GC_02" time="9.273"/>
  <testcase classname="testCases.GiftCardPageTest" name="TC_GC_03" time="5.955"/>
  <testcase classname="testCases.GiftCardPageTest" name="TC_GC_01" time="4.967"/>
</testsuite> <!-- testCases.GiftCardPageTest -->
