<?xml version="1.0" encoding="UTF-8"?>
<!-- Generated by org.testng.reporters.JUnitReportReporter -->
<testsuite hostname="LTIN450081" failures="0" tests="15" name="testCases.CabBookingPageTest" time="210.183" errors="0" timestamp="2025-07-17T12:48:41 IST" skipped="0">
  <testcase classname="testCases.CabBookingPageTest" name="TC_OCB_14" time="33.532"/>
  <testcase classname="testCases.CabBookingPageTest" name="TC_OCB_10" time="2.170"/>
  <testcase classname="testCases.CabBookingPageTest" name="TC_OCB_01" time="20.766"/>
  <testcase classname="testCases.CabBookingPageTest" name="TC_OCB_02" time="19.253"/>
  <testcase classname="testCases.CabBookingPageTest" name="TC_OCB_03" time="15.581"/>
  <testcase classname="testCases.CabBookingPageTest" name="TC_OCB_04" time="15.903"/>
  <testcase classname="testCases.CabBookingPageTest" name="TC_OCB_05" time="15.752"/>
  <testcase classname="testCases.CabBookingPageTest" name="TC_OCB_06" time="15.669"/>
  <testcase classname="testCases.CabBookingPageTest" name="TC_OCB_07" time="16.343"/>
  <testcase classname="testCases.CabBookingPageTest" name="TC_OCB_08" time="7.854"/>
  <testcase classname="testCases.CabBookingPageTest" name="TC_OCB_09" time="8.058"/>
  <testcase classname="testCases.CabBookingPageTest" name="TC_OCB_11" time="2.298"/>
  <testcase classname="testCases.CabBookingPageTest" name="TC_OCB_12" time="16.484"/>
  <testcase classname="testCases.CabBookingPageTest" name="TC_OCB_13" time="16.142"/>
  <testcase classname="testCases.CabBookingPageTest" name="TC_OCB_15" time="4.378"/>
</testsuite> <!-- testCases.CabBookingPageTest -->
