<?xml version="1.0" encoding="UTF-8"?>
<!-- Generated by org.testng.reporters.JUnitReportReporter -->
<testsuite hostname="LTIN468116" failures="0" tests="3" name="testCases.GiftCardPageTest" time="30.123" errors="0" timestamp="2025-07-17T16:28:58 IST" skipped="0">
  <testcase classname="testCases.GiftCardPageTest" name="TC_GC_02" time="17.285"/>
  <testcase classname="testCases.GiftCardPageTest" name="TC_GC_03" time="7.519"/>
  <testcase classname="testCases.GiftCardPageTest" name="TC_GC_01" time="5.319"/>
</testsuite> <!-- testCases.GiftCardPageTest -->
