<?xml version="1.0" encoding="UTF-8"?>
<!-- Generated by org.testng.reporters.JUnitReportReporter -->
<testsuite hostname="LTIN450081" failures="0" tests="15" name="testCases.CabBookingPageTest" time="169.839" errors="0" timestamp="2025-07-17T16:17:26 IST" skipped="0">
  <testcase classname="testCases.CabBookingPageTest" name="TC_OCB_10" time="2.687"/>
  <testcase classname="testCases.CabBookingPageTest" name="TC_OCB_14" time="22.551"/>
  <testcase classname="testCases.CabBookingPageTest" name="TC_OCB_01" time="24.771"/>
  <testcase classname="testCases.CabBookingPageTest" name="TC_OCB_02" time="13.070"/>
  <testcase classname="testCases.CabBookingPageTest" name="TC_OCB_03" time="10.162"/>
  <testcase classname="testCases.CabBookingPageTest" name="TC_OCB_04" time="9.239"/>
  <testcase classname="testCases.CabBookingPageTest" name="TC_OCB_05" time="9.032"/>
  <testcase classname="testCases.CabBookingPageTest" name="TC_OCB_06" time="15.477"/>
  <testcase classname="testCases.CabBookingPageTest" name="TC_OCB_07" time="12.799"/>
  <testcase classname="testCases.CabBookingPageTest" name="TC_OCB_08" time="5.073"/>
  <testcase classname="testCases.CabBookingPageTest" name="TC_OCB_09" time="4.879"/>
  <testcase classname="testCases.CabBookingPageTest" name="TC_OCB_11" time="2.585"/>
  <testcase classname="testCases.CabBookingPageTest" name="TC_OCB_12" time="16.762"/>
  <testcase classname="testCases.CabBookingPageTest" name="TC_OCB_13" time="16.190"/>
  <testcase classname="testCases.CabBookingPageTest" name="TC_OCB_15" time="4.562"/>
</testsuite> <!-- testCases.CabBookingPageTest -->
