<?xml version="1.0" encoding="UTF-8"?>
<!-- Generated by org.testng.reporters.JUnitReportReporter -->
<testsuite hostname="LTIN450081" failures="0" tests="5" name="testCases.HotelBookingTest" time="20.690" errors="0" timestamp="2025-07-15T14:00:09 IST" skipped="0">
  <testcase classname="testCases.HotelBookingTest" name="TC_HB_01" time="2.668"/>
  <testcase classname="testCases.HotelBookingTest" name="TC_HB_02" time="7.908"/>
  <testcase classname="testCases.HotelBookingTest" name="TC_HB_03" time="4.170"/>
  <testcase classname="testCases.HotelBookingTest" name="TC_HB_04" time="3.147"/>
  <testcase classname="testCases.HotelBookingTest" name="TC_HB_05" time="2.797"/>
</testsuite> <!-- testCases.HotelBookingTest -->
