<?xml version="1.0" encoding="UTF-8"?>
<!-- Generated by org.testng.reporters.JUnitReportReporter -->
<testsuite hostname="LTIN468116" failures="0" tests="3" name="testCases.GiftCardPageTest" time="30.787" errors="0" timestamp="2025-07-20T12:47:24 IST" skipped="0">
  <testcase classname="testCases.GiftCardPageTest" name="TC_GC_01" time="8.980"/>
  <testcase classname="testCases.GiftCardPageTest" name="TC_GC_02" time="11.300"/>
  <testcase classname="testCases.GiftCardPageTest" name="TC_GC_03" time="10.507"/>
</testsuite> <!-- testCases.GiftCardPageTest -->
