<?xml version="1.0" encoding="UTF-8"?>
<!-- Generated by org.testng.reporters.JUnitReportReporter -->
<testsuite hostname="LTIN450081" failures="0" tests="15" name="testCases.CabBookingPageTest" time="202.172" errors="0" timestamp="2025-07-15T15:59:57 IST" skipped="0">
  <testcase classname="testCases.CabBookingPageTest" name="verifyDisabledPreviousDepartureDate" time="2.324"/>
  <testcase classname="testCases.CabBookingPageTest" name="TC_OCB_14" time="37.661"/>
  <testcase classname="testCases.CabBookingPageTest" name="oneWayCabSearch" time="20.669"/>
  <testcase classname="testCases.CabBookingPageTest" name="verifyFromLocationInResults" time="6.512"/>
  <testcase classname="testCases.CabBookingPageTest" name="verifyToLocationInResults" time="16.085"/>
  <testcase classname="testCases.CabBookingPageTest" name="verifyPickUpTimeInResults" time="15.835"/>
  <testcase classname="testCases.CabBookingPageTest" name="verifyPickUpDateInResults" time="15.415"/>
  <testcase classname="testCases.CabBookingPageTest" name="verifyCabTypeInResult" time="16.210"/>
  <testcase classname="testCases.CabBookingPageTest" name="verifyClearAllFilterFunctionality" time="16.062"/>
  <testcase classname="testCases.CabBookingPageTest" name="verifyMessageForUnserviceableFromLocation" time="8.082"/>
  <testcase classname="testCases.CabBookingPageTest" name="verifyMessageForUnserviceableToLocation" time="7.878"/>
  <testcase classname="testCases.CabBookingPageTest" name="verifyDisabledDepartureDateBeyondLimit" time="2.518"/>
  <testcase classname="testCases.CabBookingPageTest" name="TC_OCB_12" time="16.344"/>
  <testcase classname="testCases.CabBookingPageTest" name="TC_OCB_13" time="16.554"/>
  <testcase classname="testCases.CabBookingPageTest" name="TC_OCB_15" time="4.023"/>
</testsuite> <!-- testCases.CabBookingPageTest -->
