<?xml version="1.0" encoding="UTF-8"?>
<!-- Generated by org.testng.reporters.JUnitReportReporter -->
<<<<<<< HEAD
<testsuite hostname="LTIN450081" failures="0" tests="3" name="testCases.GiftCardPageTest" time="28.639" errors="0" timestamp="2025-07-18T10:53:04 IST" skipped="0">
  <testcase classname="testCases.GiftCardPageTest" name="TC_GC_02" time="11.950"/>
  <testcase classname="testCases.GiftCardPageTest" name="TC_GC_03" time="8.414"/>
  <testcase classname="testCases.GiftCardPageTest" name="TC_GC_01" time="8.275"/>
=======
<testsuite hostname="LTIN468116" failures="0" tests="3" name="testCases.GiftCardPageTest" time="26.217" errors="0" timestamp="2025-07-18T12:18:37 IST" skipped="0">
  <testcase classname="testCases.GiftCardPageTest" name="TC_GC_02" time="11.237"/>
  <testcase classname="testCases.GiftCardPageTest" name="TC_GC_03" time="9.116"/>
  <testcase classname="testCases.GiftCardPageTest" name="TC_GC_01" time="5.864"/>
>>>>>>> main
</testsuite> <!-- testCases.GiftCardPageTest -->
