<?xml version="1.0" encoding="UTF-8"?>
<!-- Generated by org.testng.reporters.JUnitReportReporter -->
<<<<<<< HEAD
<testsuite hostname="LTIN450081" failures="0" tests="10" name="testCases.HotelBookingTest" time="32.773" errors="0" timestamp="2025-07-21T09:37:03 IST" skipped="0">
  <testcase classname="testCases.HotelBookingTest" name="TC_HB_01" time="2.874"/>
  <testcase classname="testCases.HotelBookingTest" name="TC_HB_01" time="3.300"/>
  <testcase classname="testCases.HotelBookingTest" name="TC_HB_02" time="5.916"/>
  <testcase classname="testCases.HotelBookingTest" name="TC_HB_02" time="7.093"/>
  <testcase classname="testCases.HotelBookingTest" name="TC_HB_03" time="2.123"/>
  <testcase classname="testCases.HotelBookingTest" name="TC_HB_03" time="2.144"/>
  <testcase classname="testCases.HotelBookingTest" name="TC_HB_04" time="2.130"/>
  <testcase classname="testCases.HotelBookingTest" name="TC_HB_04" time="2.110"/>
  <testcase classname="testCases.HotelBookingTest" name="TC_HB_05" time="2.387"/>
  <testcase classname="testCases.HotelBookingTest" name="TC_HB_05" time="2.696"/>
=======
<testsuite hostname="LTIN468116" failures="0" tests="5" name="testCases.HotelBookingTest" time="21.033" errors="0" timestamp="2025-07-20T12:47:24 IST" skipped="0">
  <testcase classname="testCases.HotelBookingTest" name="TC_HB_01" time="3.166"/>
  <testcase classname="testCases.HotelBookingTest" name="TC_HB_02" time="6.895"/>
  <testcase classname="testCases.HotelBookingTest" name="TC_HB_03" time="3.613"/>
  <testcase classname="testCases.HotelBookingTest" name="TC_HB_04" time="3.876"/>
  <testcase classname="testCases.HotelBookingTest" name="TC_HB_05" time="3.483"/>
>>>>>>> main
</testsuite> <!-- testCases.HotelBookingTest -->
