<?xml version="1.0" encoding="UTF-8"?>
<!-- Generated by org.testng.reporters.JUnitReportReporter -->
<testsuite hostname="LTIN450081" failures="1" tests="10" name="testCases.HotelBookingTest" time="75.851" errors="0" timestamp="2025-07-18T00:27:13 IST" skipped="0">
  <testcase classname="testCases.HotelBookingTest" name="TC_HB_01" time="6.191"/>
  <testcase classname="testCases.HotelBookingTest" name="TC_HB_01" time="4.477"/>
  <testcase classname="testCases.HotelBookingTest" name="TC_HB_02" time="20.324"/>
  <testcase classname="testCases.HotelBookingTest" name="TC_HB_02" time="18.368">
    <failure message="element click intercepted: Element is not clickable at point (946, -122)
  (Session info: MicrosoftEdge=138.0.3351.83)
Build info: version: &#039;4.34.0&#039;, revision: &#039;707dcb4246*&#039;
System info: os.name: &#039;Windows 11&#039;, os.arch: &#039;amd64&#039;, os.version: &#039;10.0&#039;, java.version: &#039;21.0.6&#039;
Driver info: org.openqa.selenium.remote.RemoteWebDriver
Command: [b79beb9e4f24cab32e0aa55be85373fd, clickElement {id=f.9AFC3067FAE2209224CE914DDDF9AC39.d.6F178A51C45325F3CEA1014A4D4551AA.e.250}]
Capabilities {acceptInsecureCerts: false, browserName: MicrosoftEdge, browserVersion: 138.0.3351.83, fedcm:accounts: true, ms:edgeOptions: {debuggerAddress: localhost:65216}, msedge: {msedgedriverVersion: 137.0.3296.93 (114b4a913acd..., userDataDir: C:\Users\2406654\AppData\Lo...}, networkConnectionEnabled: false, pageLoadStrategy: normal, platformName: Windows 11, proxy: Proxy(), se:bidiEnabled: false, se:cdp: ws://192.168.1.14:4444/sess..., se:cdpVersion: 138.0.3351.83, setWindowRect: true, strictFileInteractability: false, timeouts: {implicit: 0, pageLoad: 300000, script: 30000}, unhandledPromptBehavior: dismiss and notify, webauthn:extension:credBlob: true, webauthn:extension:largeBlob: true, webauthn:extension:minPinLength: true, webauthn:extension:prf: true, webauthn:virtualAuthenticators: true}
Element: [[RemoteWebDriver: MicrosoftEdge on Windows 11 (b79beb9e4f24cab32e0aa55be85373fd)] -&gt; xpath: //p[contains(text(), &#039;Adults&#039;)]/following::span[@class=&#039;gstSlct__text&#039;][1]]
Session ID: b79beb9e4f24cab32e0aa55be85373fd" type="java.lang.AssertionError">
      <![CDATA[java.lang.AssertionError: element click intercepted: Element is not clickable at point (946, -122)
  (Session info: MicrosoftEdge=138.0.3351.83)
Build info: version: '4.34.0', revision: '707dcb4246*'
System info: os.name: 'Windows 11', os.arch: 'amd64', os.version: '10.0', java.version: '21.0.6'
Driver info: org.openqa.selenium.remote.RemoteWebDriver
Command: [b79beb9e4f24cab32e0aa55be85373fd, clickElement {id=f.9AFC3067FAE2209224CE914DDDF9AC39.d.6F178A51C45325F3CEA1014A4D4551AA.e.250}]
Capabilities {acceptInsecureCerts: false, browserName: MicrosoftEdge, browserVersion: 138.0.3351.83, fedcm:accounts: true, ms:edgeOptions: {debuggerAddress: localhost:65216}, msedge: {msedgedriverVersion: 137.0.3296.93 (114b4a913acd..., userDataDir: C:\Users\2406654\AppData\Lo...}, networkConnectionEnabled: false, pageLoadStrategy: normal, platformName: Windows 11, proxy: Proxy(), se:bidiEnabled: false, se:cdp: ws://192.168.1.14:4444/sess..., se:cdpVersion: 138.0.3351.83, setWindowRect: true, strictFileInteractability: false, timeouts: {implicit: 0, pageLoad: 300000, script: 30000}, unhandledPromptBehavior: dismiss and notify, webauthn:extension:credBlob: true, webauthn:extension:largeBlob: true, webauthn:extension:minPinLength: true, webauthn:extension:prf: true, webauthn:virtualAuthenticators: true}
Element: [[RemoteWebDriver: MicrosoftEdge on Windows 11 (b79beb9e4f24cab32e0aa55be85373fd)] -> xpath: //p[contains(text(), 'Adults')]/following::span[@class='gstSlct__text'][1]]
Session ID: b79beb9e4f24cab32e0aa55be85373fd
at org.testng.Assert.fail(Assert.java:111)
at testCases.HotelBookingTest.TC_HB_02(HotelBookingTest.java:86)
at java.base/jdk.internal.reflect.DirectMethodHandleAccessor.invoke(DirectMethodHandleAccessor.java:103)
at java.base/java.lang.reflect.Method.invoke(Method.java:580)
at org.testng.internal.invokers.MethodInvocationHelper.invokeMethod(MethodInvocationHelper.java:139)
at org.testng.internal.invokers.TestInvoker.invokeMethod(TestInvoker.java:664)
at org.testng.internal.invokers.TestInvoker.invokeTestMethod(TestInvoker.java:228)
at org.testng.internal.invokers.MethodRunner.runInSequence(MethodRunner.java:63)
at org.testng.internal.invokers.TestInvoker$MethodInvocationAgent.invoke(TestInvoker.java:961)
at org.testng.internal.invokers.TestInvoker.invokeTestMethods(TestInvoker.java:201)
at org.testng.internal.invokers.TestMethodWorker.invokeTestMethods(TestMethodWorker.java:148)
at org.testng.internal.invokers.TestMethodWorker.run(TestMethodWorker.java:128)
at java.base/java.util.ArrayList.forEach(ArrayList.java:1596)
at org.testng.TestRunner.privateRun(TestRunner.java:819)
at org.testng.TestRunner.run(TestRunner.java:619)
at org.testng.SuiteRunner.runTest(SuiteRunner.java:443)
at org.testng.SuiteRunner$SuiteWorker.run(SuiteRunner.java:481)
at org.testng.internal.thread.ThreadUtil.lambda$execute$0(ThreadUtil.java:58)
at java.base/java.util.concurrent.FutureTask.run(FutureTask.java:317)
at java.base/java.util.concurrent.ThreadPoolExecutor.runWorker(ThreadPoolExecutor.java:1144)
at java.base/java.util.concurrent.ThreadPoolExecutor$Worker.run(ThreadPoolExecutor.java:642)
at java.base/java.lang.Thread.run(Thread.java:1583)
]]>
    </failure>
  </testcase> <!-- TC_HB_02 -->
  <testcase classname="testCases.HotelBookingTest" name="TC_HB_03" time="4.208"/>
  <testcase classname="testCases.HotelBookingTest" name="TC_HB_03" time="4.225"/>
  <testcase classname="testCases.HotelBookingTest" name="TC_HB_04" time="4.648"/>
  <testcase classname="testCases.HotelBookingTest" name="TC_HB_04" time="2.755"/>
  <testcase classname="testCases.HotelBookingTest" name="TC_HB_05" time="6.443"/>
  <testcase classname="testCases.HotelBookingTest" name="TC_HB_05" time="4.212"/>
</testsuite> <!-- testCases.HotelBookingTest -->
