<?xml version="1.0" encoding="UTF-8"?>
<!-- Generated by org.testng.reporters.JUnitReportReporter -->
<testsuite hostname="LTIN450081" failures="0" tests="15" name="testCases.CabBookingPageTest" time="213.095" errors="0" timestamp="2025-07-15T15:34:27 IST" skipped="0">
  <testcase classname="testCases.CabBookingPageTest" name="TC_OCB_14" time="32.239"/>
  <testcase classname="testCases.CabBookingPageTest" name="verifyDisabledPreviousDepartureDate" time="2.178"/>
  <testcase classname="testCases.CabBookingPageTest" name="oneWayCabSearch" time="21.889"/>
  <testcase classname="testCases.CabBookingPageTest" name="verifyFromLocationInResults" time="15.701"/>
  <testcase classname="testCases.CabBookingPageTest" name="verifyToLocationInResults" time="16.005"/>
  <testcase classname="testCases.CabBookingPageTest" name="verifyDepartureDateInResults" time="16.704"/>
  <testcase classname="testCases.CabBookingPageTest" name="verifyPickUpTimeInResults" time="16.502"/>
  <testcase classname="testCases.CabBookingPageTest" name="verifyCabTypeInResult" time="16.901"/>
  <testcase classname="testCases.CabBookingPageTest" name="verifyClearAllFilterFunctionality" time="16.722"/>
  <testcase classname="testCases.CabBookingPageTest" name="verifyDisabledDepartureDateBeyondLimit" time="2.413"/>
  <testcase classname="testCases.CabBookingPageTest" name="verifyMessageForUnserviceableFromLocation" time="7.911"/>
  <testcase classname="testCases.CabBookingPageTest" name="verifyMessageForUnserviceableToLocation" time="7.970"/>
  <testcase classname="testCases.CabBookingPageTest" name="TC_OCB_12" time="15.636"/>
  <testcase classname="testCases.CabBookingPageTest" name="TC_OCB_13" time="20.447"/>
  <testcase classname="testCases.CabBookingPageTest" name="TC_OCB_15" time="3.877"/>
</testsuite> <!-- testCases.CabBookingPageTest -->
